# JRE version: OpenJDK Runtime Environment (21.0.6) (build 21.0.6+-13355223-b631.42)
# Java VM: OpenJDK 64-Bit Server VM (21.0.6+-13355223-b631.42, mixed mode, tiered, compressed oops, compressed class ptrs, g1 gc, windows-amd64)
GC Precious Log:
 CardTable entry size: 512
 Card Set container configuration: InlinePtr #cards 5 size 8 Array Of Cards #cards 12 size 40 Howl #buckets 4 coarsen threshold 1843 Howl Bitmap #cards 512 size 80 coarsen threshold 460 Card regions per heap region 1 cards per card region 2048
 CPUs: 4 total, 4 available
 Memory: 7880M
 Large Page Support: Disabled
 NUMA Support: Disabled
 Compressed Oops: Enabled (32-bit)
 Heap Region Size: 1M
 Heap Min Capacity: 8M
 Heap Initial Capacity: 124M
 Heap Max Capacity: 1972M
 Pre-touch: Disabled
 Parallel Workers: 4
 Concurrent Workers: 1
 Concurrent Refinement Workers: 4
 Periodic GC: Disabled
Heap:
 garbage-first heap   total 111616K, used 78071K [0x0000000084c00000, 0x0000000100000000)
  region size 1024K, 3 young (3072K), 3 survivors (3072K)
 Metaspace       used 78837K, committed 79232K, reserved 1179648K
  class space    used 8477K, committed 8640K, reserved 1048576K
GC Heap History (20 events):
Event: 13.473 GC heap after
{Heap after GC invocations=24 (full 0):
 garbage-first heap   total 96256K, used 33450K [0x0000000084c00000, 0x0000000100000000)
  region size 1024K, 2 young (2048K), 2 survivors (2048K)
 Metaspace       used 53013K, committed 53248K, reserved 1114112K
  class space    used 6038K, committed 6144K, reserved 1048576K
}
Event: 16.618 GC heap before
{Heap before GC invocations=24 (full 0):
 garbage-first heap   total 96256K, used 72362K [0x0000000084c00000, 0x0000000100000000)
  region size 1024K, 40 young (40960K), 2 survivors (2048K)
 Metaspace       used 58572K, committed 58880K, reserved 1114112K
  class space    used 6768K, committed 6912K, reserved 1048576K
}
Event: 16.640 GC heap after
{Heap after GC invocations=25 (full 0):
 garbage-first heap   total 96256K, used 41823K [0x0000000084c00000, 0x0000000100000000)
  region size 1024K, 5 young (5120K), 5 survivors (5120K)
 Metaspace       used 58572K, committed 58880K, reserved 1114112K
  class space    used 6768K, committed 6912K, reserved 1048576K
}
Event: 19.480 GC heap before
{Heap before GC invocations=26 (full 0):
 garbage-first heap   total 96256K, used 72543K [0x0000000084c00000, 0x0000000100000000)
  region size 1024K, 35 young (35840K), 5 survivors (5120K)
 Metaspace       used 61473K, committed 61824K, reserved 1114112K
  class space    used 7053K, committed 7232K, reserved 1048576K
}
Event: 19.506 GC heap after
{Heap after GC invocations=27 (full 0):
 garbage-first heap   total 96256K, used 48128K [0x0000000084c00000, 0x0000000100000000)
  region size 1024K, 5 young (5120K), 5 survivors (5120K)
 Metaspace       used 61473K, committed 61824K, reserved 1114112K
  class space    used 7053K, committed 7232K, reserved 1048576K
}
Event: 21.898 GC heap before
{Heap before GC invocations=27 (full 0):
 garbage-first heap   total 96256K, used 75776K [0x0000000084c00000, 0x0000000100000000)
  region size 1024K, 32 young (32768K), 5 survivors (5120K)
 Metaspace       used 62670K, committed 62912K, reserved 1114112K
  class space    used 7113K, committed 7232K, reserved 1048576K
}
Event: 21.925 GC heap after
{Heap after GC invocations=28 (full 0):
 garbage-first heap   total 96256K, used 53248K [0x0000000084c00000, 0x0000000100000000)
  region size 1024K, 4 young (4096K), 4 survivors (4096K)
 Metaspace       used 62670K, committed 62912K, reserved 1114112K
  class space    used 7113K, committed 7232K, reserved 1048576K
}
Event: 24.952 GC heap before
{Heap before GC invocations=28 (full 0):
 garbage-first heap   total 96256K, used 78848K [0x0000000084c00000, 0x0000000100000000)
  region size 1024K, 29 young (29696K), 4 survivors (4096K)
 Metaspace       used 66520K, committed 66880K, reserved 1114112K
  class space    used 7450K, committed 7616K, reserved 1048576K
}
Event: 24.970 GC heap after
{Heap after GC invocations=29 (full 0):
 garbage-first heap   total 96256K, used 56666K [0x0000000084c00000, 0x0000000100000000)
  region size 1024K, 3 young (3072K), 3 survivors (3072K)
 Metaspace       used 66520K, committed 66880K, reserved 1114112K
  class space    used 7450K, committed 7616K, reserved 1048576K
}
Event: 26.469 GC heap before
{Heap before GC invocations=30 (full 0):
 garbage-first heap   total 96256K, used 80218K [0x0000000084c00000, 0x0000000100000000)
  region size 1024K, 27 young (27648K), 3 survivors (3072K)
 Metaspace       used 66977K, committed 67328K, reserved 1114112K
  class space    used 7462K, committed 7616K, reserved 1048576K
}
Event: 26.490 GC heap after
{Heap after GC invocations=31 (full 0):
 garbage-first heap   total 96256K, used 60320K [0x0000000084c00000, 0x0000000100000000)
  region size 1024K, 4 young (4096K), 4 survivors (4096K)
 Metaspace       used 66977K, committed 67328K, reserved 1114112K
  class space    used 7462K, committed 7616K, reserved 1048576K
}
Event: 29.152 GC heap before
{Heap before GC invocations=31 (full 0):
 garbage-first heap   total 96256K, used 82848K [0x0000000084c00000, 0x0000000100000000)
  region size 1024K, 27 young (27648K), 4 survivors (4096K)
 Metaspace       used 67963K, committed 68288K, reserved 1114112K
  class space    used 7520K, committed 7680K, reserved 1048576K
}
Event: 29.175 GC heap after
{Heap after GC invocations=32 (full 0):
 garbage-first heap   total 96256K, used 63832K [0x0000000084c00000, 0x0000000100000000)
  region size 1024K, 4 young (4096K), 4 survivors (4096K)
 Metaspace       used 67963K, committed 68288K, reserved 1114112K
  class space    used 7520K, committed 7680K, reserved 1048576K
}
Event: 31.043 GC heap before
{Heap before GC invocations=32 (full 0):
 garbage-first heap   total 96256K, used 83288K [0x0000000084c00000, 0x0000000100000000)
  region size 1024K, 24 young (24576K), 4 survivors (4096K)
 Metaspace       used 72711K, committed 73024K, reserved 1114112K
  class space    used 7976K, committed 8128K, reserved 1048576K
}
Event: 31.058 GC heap after
{Heap after GC invocations=33 (full 0):
 garbage-first heap   total 96256K, used 65905K [0x0000000084c00000, 0x0000000100000000)
  region size 1024K, 3 young (3072K), 3 survivors (3072K)
 Metaspace       used 72711K, committed 73024K, reserved 1114112K
  class space    used 7976K, committed 8128K, reserved 1048576K
}
Event: 33.073 GC heap before
{Heap before GC invocations=34 (full 0):
 garbage-first heap   total 111616K, used 86385K [0x0000000084c00000, 0x0000000100000000)
  region size 1024K, 23 young (23552K), 3 survivors (3072K)
 Metaspace       used 74735K, committed 75072K, reserved 1179648K
  class space    used 8110K, committed 8256K, reserved 1048576K
}
Event: 33.090 GC heap after
{Heap after GC invocations=35 (full 0):
 garbage-first heap   total 111616K, used 69379K [0x0000000084c00000, 0x0000000100000000)
  region size 1024K, 3 young (3072K), 3 survivors (3072K)
 Metaspace       used 74735K, committed 75072K, reserved 1179648K
  class space    used 8110K, committed 8256K, reserved 1048576K
}
Event: 35.423 GC heap before
{Heap before GC invocations=35 (full 0):
 garbage-first heap   total 111616K, used 97027K [0x0000000084c00000, 0x0000000100000000)
  region size 1024K, 30 young (30720K), 3 survivors (3072K)
 Metaspace       used 75047K, committed 75328K, reserved 1179648K
  class space    used 8115K, committed 8256K, reserved 1048576K
}
Event: 35.448 GC heap after
{Heap after GC invocations=36 (full 0):
 garbage-first heap   total 111616K, used 74752K [0x0000000084c00000, 0x0000000100000000)
  region size 1024K, 4 young (4096K), 4 survivors (4096K)
 Metaspace       used 75047K, committed 75328K, reserved 1179648K
  class space    used 8115K, committed 8256K, reserved 1048576K
}
Event: 37.447 GC heap before
{Heap before GC invocations=36 (full 0):
 garbage-first heap   total 111616K, used 98304K [0x0000000084c00000, 0x0000000100000000)
  region size 1024K, 27 young (27648K), 4 survivors (4096K)
 Metaspace       used 78837K, committed 79232K, reserved 1179648K
  class space    used 8477K, committed 8640K, reserved 1048576K
}

